#
# There is insufficient memory for the Java Runtime Environment to continue.
# Native memory allocation (malloc) failed to allocate 1484048 bytes for Chunk::new
# Possible reasons:
#   The system is out of physical RAM or swap space
#   The process is running with CompressedOops enabled, and the Java Heap may be blocking the growth of the native heap
# Possible solutions:
#   Reduce memory load on the system
#   Increase physical memory or swap space
#   Check if swap backing store is full
#   Decrease Java heap size (-Xmx/-Xms)
#   Decrease number of Java threads
#   Decrease Java thread stack sizes (-Xss)
#   Set larger code cache with -XX:ReservedCodeCacheSize=
#   JVM is running with Unscaled Compressed Oops mode in which the Java heap is
#     placed in the first 4GB address space. The Java Heap base address is the
#     maximum limit for the native heap growth. Please use -XX:HeapBaseMinAddress
#     to set the Java Heap base and to place the Java Heap above 4GB virtual address.
# This output file may be truncated or incomplete.
#
#  Out of Memory Error (arena.cpp:189), pid=5656, tid=8016
#
# JRE version: OpenJDK Runtime Environment Temurin-17.0.6+10 (17.0.6+10) (build 17.0.6+10)
# Java VM: OpenJDK 64-Bit Server VM Temurin-17.0.6+10 (17.0.6+10, mixed mode, tiered, compressed oops, compressed class ptrs, g1 gc, windows-amd64)
# No core dump will be written. Minidumps are not enabled by default on client versions of Windows
#

---------------  S U M M A R Y ------------

Command Line: -Dfile.encoding=UTF-8 -XX:+ShowCodeDetailsInExceptionMessages com.codewithvatsal.blog.BlogAppApisApplication

Host: AMD Ryzen 5 2500U with Radeon Vega Mobile Gfx  , 8 cores, 3G,  Windows 10 , 64 bit Build 19041 (10.0.19041.2546)
Time: Mon Mar 13 20:32:35 2023 India Standard Time elapsed time: 13.365588 seconds (0d 0h 0m 13s)

---------------  T H R E A D  ---------------

Current thread (0x000001f01ce2ac80):  JavaThread "C2 CompilerThread0" daemon [_thread_in_native, id=8016, stack(0x0000001d80b00000,0x0000001d80c00000)]


Current CompileTask:
C2:  13365 4692   !   4       org.springframework.core.annotation.AnnotationsScanner::processClassHierarchy (234 bytes)

Stack: [0x0000001d80b00000,0x0000001d80c00000]
Native frames: (J=compiled Java code, j=interpreted, Vv=VM code, C=native code)
V  [jvm.dll+0x67741a]
V  [jvm.dll+0x834434]
V  [jvm.dll+0x835bde]
V  [jvm.dll+0x836243]
V  [jvm.dll+0x2457b5]
V  [jvm.dll+0xabafc]
V  [jvm.dll+0xac0cc]
V  [jvm.dll+0x3634e7]
V  [jvm.dll+0x32dda1]
V  [jvm.dll+0x32d24a]
V  [jvm.dll+0x2185f1]
V  [jvm.dll+0x217a11]
V  [jvm.dll+0x1a3d0d]
V  [jvm.dll+0x22742a]
V  [jvm.dll+0x225565]
V  [jvm.dll+0x7ea2cb]
V  [jvm.dll+0x7e483a]
V  [jvm.dll+0x6762c5]
C  [ucrtbase.dll+0x21bb2]
C  [KERNEL32.DLL+0x17614]
C  [ntdll.dll+0x526a1]


---------------  P R O C E S S  ---------------

Threads class SMR info:
_java_thread_list=0x000001f01dad2ce0, length=20, elements={
0x000001f003718460, 0x000001f01cdfe270, 0x000001f01cdfed30, 0x000001f01ce234e0,
0x000001f01ce25db0, 0x000001f01ce26e90, 0x000001f01ce292c0, 0x000001f01ce2ac80,
0x000001f01ce3c500, 0x000001f01ce3cef0, 0x000001f01d954210, 0x000001f01d970170,
0x000001f01e318650, 0x000001f01e319330, 0x000001f021495250, 0x000001f01ff38660,
0x000001f0211b0970, 0x000001f02105a440, 0x000001f021139930, 0x000001f021138f90
}

Java Threads: ( => current thread )
  0x000001f003718460 JavaThread "main" [_thread_blocked, id=12600, stack(0x0000001dffe00000,0x0000001dfff00000)]
  0x000001f01cdfe270 JavaThread "Reference Handler" daemon [_thread_blocked, id=8428, stack(0x0000001d80500000,0x0000001d80600000)]
  0x000001f01cdfed30 JavaThread "Finalizer" daemon [_thread_blocked, id=6900, stack(0x0000001d80600000,0x0000001d80700000)]
  0x000001f01ce234e0 JavaThread "Signal Dispatcher" daemon [_thread_blocked, id=14736, stack(0x0000001d80700000,0x0000001d80800000)]
  0x000001f01ce25db0 JavaThread "Attach Listener" daemon [_thread_blocked, id=1740, stack(0x0000001d80800000,0x0000001d80900000)]
  0x000001f01ce26e90 JavaThread "Service Thread" daemon [_thread_blocked, id=4132, stack(0x0000001d80900000,0x0000001d80a00000)]
  0x000001f01ce292c0 JavaThread "Monitor Deflation Thread" daemon [_thread_blocked, id=14904, stack(0x0000001d80a00000,0x0000001d80b00000)]
=>0x000001f01ce2ac80 JavaThread "C2 CompilerThread0" daemon [_thread_in_native, id=8016, stack(0x0000001d80b00000,0x0000001d80c00000)]
  0x000001f01ce3c500 JavaThread "C1 CompilerThread0" daemon [_thread_blocked, id=14388, stack(0x0000001d80c00000,0x0000001d80d00000)]
  0x000001f01ce3cef0 JavaThread "Sweeper thread" daemon [_thread_blocked, id=1532, stack(0x0000001d80d00000,0x0000001d80e00000)]
  0x000001f01d954210 JavaThread "Notification Thread" daemon [_thread_blocked, id=14808, stack(0x0000001d80e00000,0x0000001d80f00000)]
  0x000001f01d970170 JavaThread "Common-Cleaner" daemon [_thread_blocked, id=15224, stack(0x0000001d81000000,0x0000001d81100000)]
  0x000001f01e318650 JavaThread "Thread-0" [_thread_blocked, id=7236, stack(0x0000001d81100000,0x0000001d81200000)]
  0x000001f01e319330 JavaThread "restartedMain" [_thread_in_vm, id=13112, stack(0x0000001d81200000,0x0000001d81300000)]
  0x000001f021495250 JavaThread "Catalina-utility-1" [_thread_blocked, id=6292, stack(0x0000001d81800000,0x0000001d81900000)]
  0x000001f01ff38660 JavaThread "Catalina-utility-2" [_thread_blocked, id=516, stack(0x0000001d81900000,0x0000001d81a00000)]
  0x000001f0211b0970 JavaThread "container-0" [_thread_blocked, id=6904, stack(0x0000001d81d00000,0x0000001d81e00000)]
  0x000001f02105a440 JavaThread "mysql-cj-abandoned-connection-cleanup" daemon [_thread_blocked, id=9948, stack(0x0000001d81e00000,0x0000001d81f00000)]
  0x000001f021139930 JavaThread "HikariPool-1 housekeeper" daemon [_thread_blocked, id=12840, stack(0x0000001d82000000,0x0000001d82100000)]
  0x000001f021138f90 JavaThread "HikariPool-1 connection adder" daemon [_thread_blocked, id=9616, stack(0x0000001d82100000,0x0000001d82200000)]

Other Threads:
  0x000001f0037dd910 VMThread "VM Thread" [stack: 0x0000001d80400000,0x0000001d80500000] [id=6728]
  0x000001f00372a0e0 WatcherThread [stack: 0x0000001d80f00000,0x0000001d81000000] [id=7664]
  0x000001f003754fa0 GCTaskThread "GC Thread#0" [stack: 0x0000001dfff00000,0x0000001e00000000] [id=13844]
  0x000001f01f05dc70 GCTaskThread "GC Thread#1" [stack: 0x0000001d81300000,0x0000001d81400000] [id=14672]
  0x000001f01f0aa030 GCTaskThread "GC Thread#2" [stack: 0x0000001d81400000,0x0000001d81500000] [id=14996]
  0x000001f01f0aa2e0 GCTaskThread "GC Thread#3" [stack: 0x0000001d81500000,0x0000001d81600000] [id=2904]
  0x000001f01f091050 GCTaskThread "GC Thread#4" [stack: 0x0000001d81600000,0x0000001d81700000] [id=3380]
  0x000001f01f091300 GCTaskThread "GC Thread#5" [stack: 0x0000001d81700000,0x0000001d81800000] [id=11712]
  0x000001f01f601000 GCTaskThread "GC Thread#6" [stack: 0x0000001d81a00000,0x0000001d81b00000] [id=3700]
  0x000001f01f31c370 GCTaskThread "GC Thread#7" [stack: 0x0000001d81b00000,0x0000001d81c00000] [id=14648]
  0x000001f00375d440 ConcurrentGCThread "G1 Main Marker" [stack: 0x0000001d80000000,0x0000001d80100000] [id=9924]
  0x000001f00375dcf0 ConcurrentGCThread "G1 Conc#0" [stack: 0x0000001d80100000,0x0000001d80200000] [id=1528]
  0x000001f01f547560 ConcurrentGCThread "G1 Conc#1" [stack: 0x0000001d81c00000,0x0000001d81d00000] [id=5192]
  0x000001f0037acbb0 ConcurrentGCThread "G1 Refine#0" [stack: 0x0000001d80200000,0x0000001d80300000] [id=14620]
  0x000001f0037ad470 ConcurrentGCThread "G1 Service" [stack: 0x0000001d80300000,0x0000001d80400000] [id=4340]

Threads with active compile tasks:
C2 CompilerThread0    13428 4692   !   4       org.springframework.core.annotation.AnnotationsScanner::processClassHierarchy (234 bytes)

VM state: not at safepoint (normal execution)

VM Mutex/Monitor currently owned by a thread: None

Heap address: 0x00000000c4a00000, size: 950 MB, Compressed Oops mode: 32-bit

CDS archive(s) not mapped
Compressed class space mapped at: 0x0000000100000000-0x0000000140000000, reserved size: 1073741824
Narrow klass base: 0x0000000000000000, Narrow klass shift: 3, Narrow klass range: 0x140000000

GC Precious Log:
 CPUs: 8 total, 8 available
 Memory: 3795M
 Large Page Support: Disabled
 NUMA Support: Disabled
 Compressed Oops: Enabled (32-bit)
 Heap Region Size: 1M
 Heap Min Capacity: 8M
 Heap Initial Capacity: 60M
 Heap Max Capacity: 950M
 Pre-touch: Disabled
 Parallel Workers: 8
 Concurrent Workers: 2
 Concurrent Refinement Workers: 8
 Periodic GC: Disabled

Heap:
 garbage-first heap   total 46080K, used 31161K [0x00000000c4a00000, 0x0000000100000000)
  region size 1024K, 14 young (14336K), 3 survivors (3072K)
 Metaspace       used 62310K, committed 62720K, reserved 1105920K
  class space    used 7963K, committed 8128K, reserved 1048576K

Heap Regions: E=young(eden), S=young(survivor), O=old, HS=humongous(starts), HC=humongous(continues), CS=collection set, F=free, OA=open archive, CA=closed archive, TAMS=top-at-mark-start (previous, next)
|   0|0x00000000c4a00000, 0x00000000c4b00000, 0x00000000c4b00000|100%|HS|  |TAMS 0x00000000c4b00000, 0x00000000c4a00000| Complete 
|   1|0x00000000c4b00000, 0x00000000c4c00000, 0x00000000c4c00000|100%| O|  |TAMS 0x00000000c4c00000, 0x00000000c4b00000| Untracked 
|   2|0x00000000c4c00000, 0x00000000c4d00000, 0x00000000c4d00000|100%| O|  |TAMS 0x00000000c4d00000, 0x00000000c4c00000| Untracked 
|   3|0x00000000c4d00000, 0x00000000c4e00000, 0x00000000c4e00000|100%| O|  |TAMS 0x00000000c4e00000, 0x00000000c4d00000| Untracked 
|   4|0x00000000c4e00000, 0x00000000c4f00000, 0x00000000c4f00000|100%| O|  |TAMS 0x00000000c4f00000, 0x00000000c4e00000| Untracked 
|   5|0x00000000c4f00000, 0x00000000c5000000, 0x00000000c5000000|100%| O|  |TAMS 0x00000000c5000000, 0x00000000c4f00000| Untracked 
|   6|0x00000000c5000000, 0x00000000c5100000, 0x00000000c5100000|100%| O|  |TAMS 0x00000000c5100000, 0x00000000c5000000| Untracked 
|   7|0x00000000c5100000, 0x00000000c5200000, 0x00000000c5200000|100%| O|  |TAMS 0x00000000c5200000, 0x00000000c5100000| Untracked 
|   8|0x00000000c5200000, 0x00000000c5300000, 0x00000000c5300000|100%| O|  |TAMS 0x00000000c5300000, 0x00000000c5200000| Untracked 
|   9|0x00000000c5300000, 0x00000000c5400000, 0x00000000c5400000|100%| O|  |TAMS 0x00000000c5400000, 0x00000000c5300000| Untracked 
|  10|0x00000000c5400000, 0x00000000c5500000, 0x00000000c5500000|100%| O|  |TAMS 0x00000000c5500000, 0x00000000c5400000| Untracked 
|  11|0x00000000c5500000, 0x00000000c5600000, 0x00000000c5600000|100%| O|  |TAMS 0x00000000c5600000, 0x00000000c5500000| Untracked 
|  12|0x00000000c5600000, 0x00000000c5700000, 0x00000000c5700000|100%| O|  |TAMS 0x00000000c5700000, 0x00000000c5600000| Untracked 
|  13|0x00000000c5700000, 0x00000000c5800000, 0x00000000c5800000|100%| O|  |TAMS 0x00000000c5800000, 0x00000000c5700000| Untracked 
|  14|0x00000000c5800000, 0x00000000c5900000, 0x00000000c5900000|100%| O|  |TAMS 0x00000000c5900000, 0x00000000c5800000| Untracked 
|  15|0x00000000c5900000, 0x00000000c5a00000, 0x00000000c5a00000|100%| O|  |TAMS 0x00000000c5a00000, 0x00000000c5900000| Untracked 
|  16|0x00000000c5a00000, 0x00000000c5b00000, 0x00000000c5b00000|100%| O|  |TAMS 0x00000000c5a5a800, 0x00000000c5a00000| Untracked 
|  17|0x00000000c5b00000, 0x00000000c5c00000, 0x00000000c5c00000|100%| O|  |TAMS 0x00000000c5b00000, 0x00000000c5b00000| Untracked 
|  18|0x00000000c5c00000, 0x00000000c5d00000, 0x00000000c5d00000|100%| O|  |TAMS 0x00000000c5c00000, 0x00000000c5c00000| Untracked 
|  19|0x00000000c5d00000, 0x00000000c5d01400, 0x00000000c5e00000|  0%| O|  |TAMS 0x00000000c5d00000, 0x00000000c5d00000| Untracked 
|  20|0x00000000c5e00000, 0x00000000c5e00000, 0x00000000c5f00000|  0%| F|  |TAMS 0x00000000c5e00000, 0x00000000c5e00000| Untracked 
|  21|0x00000000c5f00000, 0x00000000c5f00000, 0x00000000c6000000|  0%| F|  |TAMS 0x00000000c5f00000, 0x00000000c5f00000| Untracked 
|  22|0x00000000c6000000, 0x00000000c6000000, 0x00000000c6100000|  0%| F|  |TAMS 0x00000000c6000000, 0x00000000c6000000| Untracked 
|  23|0x00000000c6100000, 0x00000000c6100000, 0x00000000c6200000|  0%| F|  |TAMS 0x00000000c6100000, 0x00000000c6100000| Untracked 
|  24|0x00000000c6200000, 0x00000000c6200000, 0x00000000c6300000|  0%| F|  |TAMS 0x00000000c6200000, 0x00000000c6200000| Untracked 
|  25|0x00000000c6300000, 0x00000000c636d040, 0x00000000c6400000| 42%| S|CS|TAMS 0x00000000c6300000, 0x00000000c6300000| Complete 
|  26|0x00000000c6400000, 0x00000000c6500000, 0x00000000c6500000|100%| S|CS|TAMS 0x00000000c6400000, 0x00000000c6400000| Complete 
|  27|0x00000000c6500000, 0x00000000c6500000, 0x00000000c6600000|  0%| F|  |TAMS 0x00000000c6500000, 0x00000000c6500000| Untracked 
|  28|0x00000000c6600000, 0x00000000c6600000, 0x00000000c6700000|  0%| F|  |TAMS 0x00000000c6600000, 0x00000000c6600000| Untracked 
|  29|0x00000000c6700000, 0x00000000c6700000, 0x00000000c6800000|  0%| F|  |TAMS 0x00000000c6700000, 0x00000000c6700000| Untracked 
|  30|0x00000000c6800000, 0x00000000c6900000, 0x00000000c6900000|100%| S|CS|TAMS 0x00000000c6800000, 0x00000000c6800000| Complete 
|  31|0x00000000c6900000, 0x00000000c6900000, 0x00000000c6a00000|  0%| F|  |TAMS 0x00000000c6900000, 0x00000000c6900000| Untracked 
|  32|0x00000000c6a00000, 0x00000000c6a00000, 0x00000000c6b00000|  0%| F|  |TAMS 0x00000000c6a00000, 0x00000000c6a00000| Untracked 
|  33|0x00000000c6b00000, 0x00000000c6b3f7a0, 0x00000000c6c00000| 24%| E|  |TAMS 0x00000000c6b00000, 0x00000000c6b00000| Complete 
|  34|0x00000000c6c00000, 0x00000000c6d00000, 0x00000000c6d00000|100%| E|CS|TAMS 0x00000000c6c00000, 0x00000000c6c00000| Complete 
|  35|0x00000000c6d00000, 0x00000000c6e00000, 0x00000000c6e00000|100%| E|CS|TAMS 0x00000000c6d00000, 0x00000000c6d00000| Complete 
|  36|0x00000000c6e00000, 0x00000000c6effaa0, 0x00000000c6f00000| 99%| E|  |TAMS 0x00000000c6e00000, 0x00000000c6e00000| Complete 
|  37|0x00000000c6f00000, 0x00000000c7000000, 0x00000000c7000000|100%| E|CS|TAMS 0x00000000c6f00000, 0x00000000c6f00000| Complete 
|  38|0x00000000c7000000, 0x00000000c7100000, 0x00000000c7100000|100%| E|CS|TAMS 0x00000000c7000000, 0x00000000c7000000| Complete 
|  39|0x00000000c7100000, 0x00000000c7200000, 0x00000000c7200000|100%| E|CS|TAMS 0x00000000c7100000, 0x00000000c7100000| Complete 
|  40|0x00000000c7200000, 0x00000000c7300000, 0x00000000c7300000|100%| E|CS|TAMS 0x00000000c7200000, 0x00000000c7200000| Complete 
|  41|0x00000000c7300000, 0x00000000c7400000, 0x00000000c7400000|100%| E|CS|TAMS 0x00000000c7300000, 0x00000000c7300000| Complete 
|  42|0x00000000c7400000, 0x00000000c7500000, 0x00000000c7500000|100%| E|CS|TAMS 0x00000000c7400000, 0x00000000c7400000| Complete 
|  57|0x00000000c8300000, 0x00000000c8400000, 0x00000000c8400000|100%| E|CS|TAMS 0x00000000c8300000, 0x00000000c8300000| Complete 
|  59|0x00000000c8500000, 0x00000000c8600000, 0x00000000c8600000|100%| E|CS|TAMS 0x00000000c8500000, 0x00000000c8500000| Complete 

Card table byte_map: [0x000001f018220000,0x000001f018400000] _byte_map_base: 0x000001f017bfb000

Marking Bits (Prev, Next): (CMBitMap*) 0x000001f003755490, (CMBitMap*) 0x000001f003755450
 Prev Bits: [0x000001f0194c0000, 0x000001f01a398000)
 Next Bits: [0x000001f0185e0000, 0x000001f0194b8000)

Polling page: 0x000001f0037e0000

Metaspace:

Usage:
  Non-class:     53.08 MB used.
      Class:      7.78 MB used.
       Both:     60.85 MB used.

Virtual space:
  Non-class space:       56.00 MB reserved,      53.31 MB ( 95%) committed,  7 nodes.
      Class space:        1.00 GB reserved,       7.94 MB ( <1%) committed,  1 nodes.
             Both:        1.05 GB reserved,      61.25 MB (  6%) committed. 

Chunk freelists:
   Non-Class:  2.59 MB
       Class:  65.00 KB
        Both:  2.66 MB

MaxMetaspaceSize: unlimited
CompressedClassSpaceSize: 1.00 GB
Initial GC threshold: 21.00 MB
Current GC threshold: 83.12 MB
CDS: off
MetaspaceReclaimPolicy: balanced
 - commit_granule_bytes: 65536.
 - commit_granule_words: 8192.
 - virtual_space_node_default_size: 1048576.
 - enlarge_chunks_in_place: 1.
 - new_chunks_are_fully_committed: 0.
 - uncommit_free_chunks: 1.
 - use_allocation_guard: 0.
 - handle_deallocations: 1.


Internal statistics:

num_allocs_failed_limit: 6.
num_arena_births: 572.
num_arena_deaths: 0.
num_vsnodes_births: 8.
num_vsnodes_deaths: 0.
num_space_committed: 980.
num_space_uncommitted: 0.
num_chunks_returned_to_freelist: 6.
num_chunks_taken_from_freelist: 2426.
num_chunk_merges: 6.
num_chunk_splits: 1718.
num_chunks_enlarged: 1329.
num_purges: 0.
num_inconsistent_stats: 0.

CodeHeap 'non-profiled nmethods': size=120000Kb used=2350Kb max_used=2350Kb free=117649Kb
 bounds [0x000001f0100b0000, 0x000001f010320000, 0x000001f0175e0000]
CodeHeap 'profiled nmethods': size=120000Kb used=9735Kb max_used=9735Kb free=110264Kb
 bounds [0x000001f0085e0000, 0x000001f008f70000, 0x000001f00fb10000]
CodeHeap 'non-nmethods': size=5760Kb used=1318Kb max_used=1356Kb free=4441Kb
 bounds [0x000001f00fb10000, 0x000001f00fd80000, 0x000001f0100b0000]
 total_blobs=5353 nmethods=4706 adapters=557
 compilation: enabled
              stopped_count=0, restarted_count=0
 full_count=0

Compilation events (20 events):
Event: 13.201 Thread 0x000001f01ce3c500 4714       2       org.springframework.beans.factory.support.DefaultListableBeanFactory::findAnnotationOnBean (8 bytes)
Event: 13.201 Thread 0x000001f01ce3c500 nmethod 4714 0x000001f008f57190 code [0x000001f008f57320, 0x000001f008f57448]
Event: 13.202 Thread 0x000001f01ce3c500 4715       2       org.springframework.aop.scope.ScopedProxyUtils::isScopedTarget (19 bytes)
Event: 13.203 Thread 0x000001f01ce3c500 nmethod 4715 0x000001f008f57510 code [0x000001f008f576a0, 0x000001f008f577e8]
Event: 13.308 Thread 0x000001f01ce3c500 4718   !   2       jdk.internal.reflect.GeneratedConstructorAccessor21::newInstance (53 bytes)
Event: 13.309 Thread 0x000001f01ce3c500 nmethod 4718 0x000001f008f57910 code [0x000001f008f57b20, 0x000001f008f58088]
Event: 13.315 Thread 0x000001f01ce3c500 4719       3       org.springframework.transaction.interceptor.AbstractFallbackTransactionAttributeSource::computeTransactionAttribute (112 bytes)
Event: 13.318 Thread 0x000001f01ce3c500 nmethod 4719 0x000001f008f58410 code [0x000001f008f587c0, 0x000001f008f59d98]
Event: 13.330 Thread 0x000001f01ce3c500 4721       2       org.springframework.util.ClassUtils::isAssignableValue (34 bytes)
Event: 13.330 Thread 0x000001f01ce3c500 nmethod 4721 0x000001f008f5a510 code [0x000001f008f5a6c0, 0x000001f008f5a8d8]
Event: 13.339 Thread 0x000001f01ce3c500 4722       2       java.lang.invoke.LambdaFormEditor$TransformKey::packedBytes (39 bytes)
Event: 13.339 Thread 0x000001f01ce3c500 nmethod 4722 0x000001f008f5aa10 code [0x000001f008f5aba0, 0x000001f008f5ac98]
Event: 13.339 Thread 0x000001f01ce3c500 4723       2       java.lang.invoke.LambdaFormEditor$TransformKey::of (51 bytes)
Event: 13.339 Thread 0x000001f01ce3c500 nmethod 4723 0x000001f008f5ad10 code [0x000001f008f5aee0, 0x000001f008f5b288]
Event: 13.352 Thread 0x000001f01ce3c500 4724       2       sun.reflect.generics.repository.AbstractRepository::<init> (19 bytes)
Event: 13.353 Thread 0x000001f01ce3c500 nmethod 4724 0x000001f008f5b410 code [0x000001f008f5b5c0, 0x000001f008f5b7c8]
Event: 13.353 Thread 0x000001f01ce3c500 4725       2       org.springframework.core.MethodParameter::validateIndex (31 bytes)
Event: 13.354 Thread 0x000001f01ce3c500 nmethod 4725 0x000001f008f5b890 code [0x000001f008f5ba60, 0x000001f008f5bd18]
Event: 13.354 Thread 0x000001f01ce3c500 4726       2       org.springframework.core.MethodParameter$$Lambda$162/0x000000010019e398::<init> (10 bytes)
Event: 13.354 Thread 0x000001f01ce3c500 nmethod 4726 0x000001f008f5bf10 code [0x000001f008f5c0a0, 0x000001f008f5c1b8]

GC Heap History (20 events):
Event: 7.241 GC heap before
{Heap before GC invocations=7 (full 0):
 garbage-first heap   total 37888K, used 28039K [0x00000000c4a00000, 0x0000000100000000)
  region size 1024K, 18 young (18432K), 2 survivors (2048K)
 Metaspace       used 30345K, committed 30656K, reserved 1081344K
  class space    used 3496K, committed 3648K, reserved 1048576K
}
Event: 7.246 GC heap after
{Heap after GC invocations=8 (full 0):
 garbage-first heap   total 37888K, used 13139K [0x00000000c4a00000, 0x0000000100000000)
  region size 1024K, 3 young (3072K), 3 survivors (3072K)
 Metaspace       used 30345K, committed 30656K, reserved 1081344K
  class space    used 3496K, committed 3648K, reserved 1048576K
}
Event: 8.191 GC heap before
{Heap before GC invocations=8 (full 0):
 garbage-first heap   total 37888K, used 28499K [0x00000000c4a00000, 0x0000000100000000)
  region size 1024K, 18 young (18432K), 3 survivors (3072K)
 Metaspace       used 34323K, committed 34688K, reserved 1081344K
  class space    used 3999K, committed 4160K, reserved 1048576K
}
Event: 8.198 GC heap after
{Heap after GC invocations=9 (full 0):
 garbage-first heap   total 37888K, used 14960K [0x00000000c4a00000, 0x0000000100000000)
  region size 1024K, 3 young (3072K), 3 survivors (3072K)
 Metaspace       used 34323K, committed 34688K, reserved 1081344K
  class space    used 3999K, committed 4160K, reserved 1048576K
}
Event: 8.593 GC heap before
{Heap before GC invocations=9 (full 0):
 garbage-first heap   total 37888K, used 23152K [0x00000000c4a00000, 0x0000000100000000)
  region size 1024K, 12 young (12288K), 3 survivors (3072K)
 Metaspace       used 35724K, committed 36096K, reserved 1081344K
  class space    used 4171K, committed 4352K, reserved 1048576K
}
Event: 8.602 GC heap after
{Heap after GC invocations=10 (full 0):
 garbage-first heap   total 37888K, used 16154K [0x00000000c4a00000, 0x0000000100000000)
  region size 1024K, 2 young (2048K), 2 survivors (2048K)
 Metaspace       used 35724K, committed 36096K, reserved 1081344K
  class space    used 4171K, committed 4352K, reserved 1048576K
}
Event: 9.144 GC heap before
{Heap before GC invocations=11 (full 0):
 garbage-first heap   total 37888K, used 28442K [0x00000000c4a00000, 0x0000000100000000)
  region size 1024K, 14 young (14336K), 2 survivors (2048K)
 Metaspace       used 38008K, committed 38464K, reserved 1089536K
  class space    used 4473K, committed 4672K, reserved 1048576K
}
Event: 9.149 GC heap after
{Heap after GC invocations=12 (full 0):
 garbage-first heap   total 37888K, used 16757K [0x00000000c4a00000, 0x0000000100000000)
  region size 1024K, 2 young (2048K), 2 survivors (2048K)
 Metaspace       used 38008K, committed 38464K, reserved 1089536K
  class space    used 4473K, committed 4672K, reserved 1048576K
}
Event: 9.854 GC heap before
{Heap before GC invocations=12 (full 0):
 garbage-first heap   total 37888K, used 29045K [0x00000000c4a00000, 0x0000000100000000)
  region size 1024K, 14 young (14336K), 2 survivors (2048K)
 Metaspace       used 41189K, committed 41664K, reserved 1089536K
  class space    used 5006K, committed 5248K, reserved 1048576K
}
Event: 9.857 GC heap after
{Heap after GC invocations=13 (full 0):
 garbage-first heap   total 37888K, used 17317K [0x00000000c4a00000, 0x0000000100000000)
  region size 1024K, 2 young (2048K), 2 survivors (2048K)
 Metaspace       used 41189K, committed 41664K, reserved 1089536K
  class space    used 5006K, committed 5248K, reserved 1048576K
}
Event: 10.591 GC heap before
{Heap before GC invocations=13 (full 0):
 garbage-first heap   total 37888K, used 28581K [0x00000000c4a00000, 0x0000000100000000)
  region size 1024K, 14 young (14336K), 2 survivors (2048K)
 Metaspace       used 47412K, committed 47872K, reserved 1097728K
  class space    used 5731K, committed 5952K, reserved 1048576K
}
Event: 10.597 GC heap after
{Heap after GC invocations=14 (full 0):
 garbage-first heap   total 37888K, used 18794K [0x00000000c4a00000, 0x0000000100000000)
  region size 1024K, 2 young (2048K), 2 survivors (2048K)
 Metaspace       used 47412K, committed 47872K, reserved 1097728K
  class space    used 5731K, committed 5952K, reserved 1048576K
}
Event: 11.087 GC heap before
{Heap before GC invocations=14 (full 0):
 garbage-first heap   total 37888K, used 28010K [0x00000000c4a00000, 0x0000000100000000)
  region size 1024K, 12 young (12288K), 2 survivors (2048K)
 Metaspace       used 50535K, committed 50944K, reserved 1097728K
  class space    used 6138K, committed 6336K, reserved 1048576K
}
Event: 11.092 GC heap after
{Heap after GC invocations=15 (full 0):
 garbage-first heap   total 37888K, used 19663K [0x00000000c4a00000, 0x0000000100000000)
  region size 1024K, 1 young (1024K), 1 survivors (1024K)
 Metaspace       used 50535K, committed 50944K, reserved 1097728K
  class space    used 6138K, committed 6336K, reserved 1048576K
}
Event: 11.524 GC heap before
{Heap before GC invocations=16 (full 0):
 garbage-first heap   total 37888K, used 29903K [0x00000000c4a00000, 0x0000000100000000)
  region size 1024K, 11 young (11264K), 1 survivors (1024K)
 Metaspace       used 52702K, committed 53120K, reserved 1097728K
  class space    used 6444K, committed 6656K, reserved 1048576K
}
Event: 11.528 GC heap after
{Heap after GC invocations=17 (full 0):
 garbage-first heap   total 46080K, used 20290K [0x00000000c4a00000, 0x0000000100000000)
  region size 1024K, 2 young (2048K), 2 survivors (2048K)
 Metaspace       used 52702K, committed 53120K, reserved 1097728K
  class space    used 6444K, committed 6656K, reserved 1048576K
}
Event: 12.293 GC heap before
{Heap before GC invocations=17 (full 0):
 garbage-first heap   total 46080K, used 34626K [0x00000000c4a00000, 0x0000000100000000)
  region size 1024K, 17 young (17408K), 2 survivors (2048K)
 Metaspace       used 57521K, committed 57920K, reserved 1105920K
  class space    used 7271K, committed 7488K, reserved 1048576K
}
Event: 12.299 GC heap after
{Heap after GC invocations=18 (full 0):
 garbage-first heap   total 46080K, used 21117K [0x00000000c4a00000, 0x0000000100000000)
  region size 1024K, 3 young (3072K), 3 survivors (3072K)
 Metaspace       used 57521K, committed 57920K, reserved 1105920K
  class space    used 7271K, committed 7488K, reserved 1048576K
}
Event: 12.997 GC heap before
{Heap before GC invocations=18 (full 0):
 garbage-first heap   total 46080K, used 34429K [0x00000000c4a00000, 0x0000000100000000)
  region size 1024K, 17 young (17408K), 3 survivors (3072K)
 Metaspace       used 60791K, committed 61184K, reserved 1105920K
  class space    used 7757K, committed 7936K, reserved 1048576K
}
Event: 13.004 GC heap after
{Heap after GC invocations=19 (full 0):
 garbage-first heap   total 46080K, used 21945K [0x00000000c4a00000, 0x0000000100000000)
  region size 1024K, 3 young (3072K), 3 survivors (3072K)
 Metaspace       used 60791K, committed 61184K, reserved 1105920K
  class space    used 7757K, committed 7936K, reserved 1048576K
}

Dll operation events (9 events):
Event: 0.022 Loaded shared library C:\Java Spring Boot Project\sts-4.17.2.RELEASE\plugins\org.eclipse.justj.openjdk.hotspot.jre.full.win32.x86_64_17.0.6.v20230125-1136\jre\bin\java.dll
Event: 0.414 Loaded shared library C:\Java Spring Boot Project\sts-4.17.2.RELEASE\plugins\org.eclipse.justj.openjdk.hotspot.jre.full.win32.x86_64_17.0.6.v20230125-1136\jre\bin\net.dll
Event: 0.422 Loaded shared library C:\Java Spring Boot Project\sts-4.17.2.RELEASE\plugins\org.eclipse.justj.openjdk.hotspot.jre.full.win32.x86_64_17.0.6.v20230125-1136\jre\bin\nio.dll
Event: 0.445 Loaded shared library C:\Java Spring Boot Project\sts-4.17.2.RELEASE\plugins\org.eclipse.justj.openjdk.hotspot.jre.full.win32.x86_64_17.0.6.v20230125-1136\jre\bin\zip.dll
Event: 0.840 Loaded shared library C:\Java Spring Boot Project\sts-4.17.2.RELEASE\plugins\org.eclipse.justj.openjdk.hotspot.jre.full.win32.x86_64_17.0.6.v20230125-1136\jre\bin\jimage.dll
Event: 1.834 Loaded shared library C:\Java Spring Boot Project\sts-4.17.2.RELEASE\plugins\org.eclipse.justj.openjdk.hotspot.jre.full.win32.x86_64_17.0.6.v20230125-1136\jre\bin\management.dll
Event: 1.838 Loaded shared library C:\Java Spring Boot Project\sts-4.17.2.RELEASE\plugins\org.eclipse.justj.openjdk.hotspot.jre.full.win32.x86_64_17.0.6.v20230125-1136\jre\bin\management_ext.dll
Event: 4.251 Loaded shared library C:\Java Spring Boot Project\sts-4.17.2.RELEASE\plugins\org.eclipse.justj.openjdk.hotspot.jre.full.win32.x86_64_17.0.6.v20230125-1136\jre\bin\verify.dll
Event: 8.163 Loaded shared library C:\Java Spring Boot Project\sts-4.17.2.RELEASE\plugins\org.eclipse.justj.openjdk.hotspot.jre.full.win32.x86_64_17.0.6.v20230125-1136\jre\bin\sunmscapi.dll

Deoptimization events (20 events):
Event: 12.331 Thread 0x000001f01e319330 DEOPT PACKING pc=0x000001f0102d2d78 sp=0x0000001d812fadd0
Event: 12.331 Thread 0x000001f01e319330 DEOPT UNPACKING pc=0x000001f00fb669a3 sp=0x0000001d812fad90 mode 2
Event: 12.565 Thread 0x000001f01e319330 DEOPT PACKING pc=0x000001f0087cda1b sp=0x0000001d812fbbf0
Event: 12.565 Thread 0x000001f01e319330 DEOPT UNPACKING pc=0x000001f00fb67143 sp=0x0000001d812fb060 mode 0
Event: 12.680 Thread 0x000001f01e319330 Uncommon trap: trap_request=0xffffff45 fr.pc=0x000001f01010ab04 relative=0x0000000000000084
Event: 12.680 Thread 0x000001f01e319330 Uncommon trap: reason=unstable_if action=reinterpret pc=0x000001f01010ab04 method=java.lang.CharacterDataLatin1.isWhitespace(I)Z @ 14 c2
Event: 12.680 Thread 0x000001f01e319330 DEOPT PACKING pc=0x000001f01010ab04 sp=0x0000001d812fcc80
Event: 12.680 Thread 0x000001f01e319330 DEOPT UNPACKING pc=0x000001f00fb669a3 sp=0x0000001d812fcbf0 mode 2
Event: 13.030 Thread 0x000001f01e319330 Uncommon trap: trap_request=0xffffff45 fr.pc=0x000001f01020ab08 relative=0x0000000000002cc8
Event: 13.030 Thread 0x000001f01e319330 Uncommon trap: reason=unstable_if action=reinterpret pc=0x000001f01020ab08 method=org.springframework.beans.factory.support.AbstractBeanFactory.isTypeMatch(Ljava/lang/String;Lorg/springframework/core/ResolvableType;Z)Z @ 571 c2
Event: 13.030 Thread 0x000001f01e319330 DEOPT PACKING pc=0x000001f01020ab08 sp=0x0000001d812fa790
Event: 13.030 Thread 0x000001f01e319330 DEOPT UNPACKING pc=0x000001f00fb669a3 sp=0x0000001d812fa758 mode 2
Event: 13.125 Thread 0x000001f01e319330 Uncommon trap: trap_request=0xffffff45 fr.pc=0x000001f010210df4 relative=0x0000000000001054
Event: 13.125 Thread 0x000001f01e319330 Uncommon trap: reason=unstable_if action=reinterpret pc=0x000001f010210df4 method=java.util.concurrent.ConcurrentHashMap.putVal(Ljava/lang/Object;Ljava/lang/Object;Z)Ljava/lang/Object; @ 401 c2
Event: 13.125 Thread 0x000001f01e319330 DEOPT PACKING pc=0x000001f010210df4 sp=0x0000001d812f9e40
Event: 13.125 Thread 0x000001f01e319330 DEOPT UNPACKING pc=0x000001f00fb669a3 sp=0x0000001d812f9dd0 mode 2
Event: 13.128 Thread 0x000001f01e319330 Uncommon trap: trap_request=0xffffff45 fr.pc=0x000001f01021227c relative=0x000000000000025c
Event: 13.128 Thread 0x000001f01e319330 Uncommon trap: reason=unstable_if action=reinterpret pc=0x000001f01021227c method=java.util.concurrent.ConcurrentHashMap.get(Ljava/lang/Object;)Ljava/lang/Object; @ 86 c2
Event: 13.128 Thread 0x000001f01e319330 DEOPT PACKING pc=0x000001f01021227c sp=0x0000001d812f9ee0
Event: 13.128 Thread 0x000001f01e319330 DEOPT UNPACKING pc=0x000001f00fb669a3 sp=0x0000001d812f9e48 mode 2

Classes unloaded (0 events):
No events

Classes redefined (0 events):
No events

Internal exceptions (20 events):
Event: 8.479 Thread 0x000001f01e319330 Exception <a 'java/lang/NoSuchMethodError'{0x00000000c689b350}: 'int java.lang.invoke.DirectMethodHandle$Holder.invokeInterface(java.lang.Object, java.lang.Object, java.lang.Object, java.lang.Object)'> (0x00000000c689b350) 
thrown [s\src\hotspot\share\interpreter\linkResolver.cpp, line 759]
Event: 8.585 Thread 0x000001f01e319330 Exception <a 'java/lang/NoSuchMethodError'{0x00000000c6691d50}: 'long java.lang.invoke.DirectMethodHandle$Holder.invokeVirtual(java.lang.Object, java.lang.Object)'> (0x00000000c6691d50) 
thrown [s\src\hotspot\share\interpreter\linkResolver.cpp, line 759]
Event: 8.607 Thread 0x000001f01e319330 Exception <a 'java/io/FileNotFoundException'{0x00000000c850d5d8}> (0x00000000c850d5d8) 
thrown [s\src\hotspot\share\prims\jni.cpp, line 516]
Event: 8.811 Thread 0x000001f01e319330 Implicit null exception at 0x000001f0101d8267 to 0x000001f0101d8468
Event: 10.366 Thread 0x000001f01e319330 Exception <a 'sun/nio/fs/WindowsException'{0x00000000c65df668}> (0x00000000c65df668) 
thrown [s\src\hotspot\share\prims\jni.cpp, line 516]
Event: 10.390 Thread 0x000001f01e319330 Exception <a 'java/lang/NoSuchMethodError'{0x00000000c64020b8}: 'int java.lang.invoke.DirectMethodHandle$Holder.invokeStaticInit(java.lang.Object, java.lang.Object, java.lang.Object, java.lang.Object)'> (0x00000000c64020b8) 
thrown [s\src\hotspot\share\interpreter\linkResolver.cpp, line 759]
Event: 10.861 Thread 0x000001f01e319330 Exception <a 'java/lang/NoSuchMethodError'{0x00000000c6b53880}: 'java.lang.Object java.lang.invoke.DirectMethodHandle$Holder.invokeStaticInit(java.lang.Object, java.lang.Object, java.lang.Object, java.lang.Object)'> (0x00000000c6b53880) 
thrown [s\src\hotspot\share\interpreter\linkResolver.cpp, line 759]
Event: 11.141 Thread 0x000001f01e319330 Exception <a 'java/lang/NoSuchMethodError'{0x00000000c85c7c38}: 'java.lang.Object java.lang.invoke.DirectMethodHandle$Holder.newInvokeSpecial(java.lang.Object, java.lang.Object, java.lang.Object, int)'> (0x00000000c85c7c38) 
thrown [s\src\hotspot\share\interpreter\linkResolver.cpp, line 759]
Event: 11.142 Thread 0x000001f01e319330 Exception <a 'java/lang/NoSuchMethodError'{0x00000000c85cbf20}: 'java.lang.Object java.lang.invoke.DirectMethodHandle$Holder.invokeSpecial(java.lang.Object, java.lang.Object, java.lang.Object, java.lang.Object, int)'> (0x00000000c85cbf20) 
thrown [s\src\hotspot\share\interpreter\linkResolver.cpp, line 759]
Event: 11.142 Thread 0x000001f01e319330 Exception <a 'java/lang/NoSuchMethodError'{0x00000000c85cfae8}: 'java.lang.Object java.lang.invoke.Invokers$Holder.linkToTargetMethod(java.lang.Object, java.lang.Object, int, java.lang.Object)'> (0x00000000c85cfae8) 
thrown [s\src\hotspot\share\interpreter\linkResolver.cpp, line 759]
Event: 11.711 Thread 0x000001f01e319330 Exception <a 'java/lang/NoSuchMethodError'{0x00000000c738cd18}: 'java.lang.Object java.lang.invoke.DirectMethodHandle$Holder.invokeStatic(java.lang.Object, java.lang.Object, int, java.lang.Object)'> (0x00000000c738cd18) 
thrown [s\src\hotspot\share\interpreter\linkResolver.cpp, line 759]
Event: 11.711 Thread 0x000001f01e319330 Exception <a 'java/lang/NoSuchMethodError'{0x00000000c73907b0}: 'java.lang.Object java.lang.invoke.DirectMethodHandle$Holder.invokeStaticInit(java.lang.Object, java.lang.Object, int, java.lang.Object)'> (0x00000000c73907b0) 
thrown [s\src\hotspot\share\interpreter\linkResolver.cpp, line 759]
Event: 11.771 Thread 0x000001f01e319330 Exception <a 'java/lang/IncompatibleClassChangeError'{0x00000000c72d9320}: Found class java.lang.Object, but interface was expected> (0x00000000c72d9320) 
thrown [s\src\hotspot\share\interpreter\linkResolver.cpp, line 826]
Event: 12.503 Thread 0x000001f01e319330 Exception <a 'java/lang/NoSuchMethodError'{0x00000000c7252740}: 'java.lang.Object java.lang.invoke.DirectMethodHandle$Holder.newInvokeSpecial(java.lang.Object, java.lang.Object, java.lang.Object, java.lang.Object, java.lang.Object, java.lang.Object, java.lang.Object, int)'> (0x00000000c7252740) 
thrown [s\src\hotspot\share\interpreter\linkResolver.cpp, line 759]
Event: 12.504 Thread 0x000001f01e319330 Exception <a 'java/lang/NoSuchMethodError'{0x00000000c7257738}: 'java.lang.Object java.lang.invoke.DirectMethodHandle$Holder.invokeSpecial(java.lang.Object, java.lang.Object, java.lang.Object, java.lang.Object, java.lang.Object, java.lang.Object, java.lang.Object, java.lang.Object, int)'> (0x00000000c7257738) 
thrown [s\src\hotspot\share\interpreter\linkResolver.cpp, line 759]
Event: 12.570 Thread 0x000001f01e319330 Exception <a 'java/lang/NoSuchMethodError'{0x00000000c71a1c90}: 'void java.lang.invoke.DirectMethodHandle$Holder.invokeInterface(java.lang.Object, java.lang.Object)'> (0x00000000c71a1c90) 
thrown [s\src\hotspot\share\interpreter\linkResolver.cpp, line 759]
Event: 12.632 Thread 0x000001f01e319330 Exception <a 'java/lang/NoSuchMethodError'{0x00000000c6f43d50}: 'java.lang.Object java.lang.invoke.DirectMethodHandle$Holder.newInvokeSpecial(java.lang.Object, java.lang.Object, java.lang.Object, java.lang.Object, java.lang.Object, java.lang.Object, java.lang.Object)'> (0x00000000c6f43d50) 
thrown [s\src\hotspot\share\interpreter\linkResolver.cpp, line 759]
Event: 13.127 Thread 0x000001f01e319330 Exception <a 'java/lang/IncompatibleClassChangeError'{0x00000000c73314c8}: Found class java.lang.Object, but interface was expected> (0x00000000c73314c8) 
thrown [s\src\hotspot\share\interpreter\linkResolver.cpp, line 826]
Event: 13.183 Thread 0x000001f01e319330 Exception <a 'java/lang/NoSuchMethodError'{0x00000000c7132e18}: 'void java.lang.invoke.DirectMethodHandle$Holder.invokeVirtual(java.lang.Object, java.lang.Object, int)'> (0x00000000c7132e18) 
thrown [s\src\hotspot\share\interpreter\linkResolver.cpp, line 759]
Event: 13.186 Thread 0x000001f01e319330 Exception <a 'java/lang/NoSuchMethodError'{0x00000000c714dd88}: 'void java.lang.invoke.DirectMethodHandle$Holder.invokeVirtual(java.lang.Object, java.lang.Object, long)'> (0x00000000c714dd88) 
thrown [s\src\hotspot\share\interpreter\linkResolver.cpp, line 759]

VM Operations (20 events):
Event: 10.634 Executing VM operation: HandshakeAllThreads
Event: 10.634 Executing VM operation: HandshakeAllThreads done
Event: 11.087 Executing VM operation: G1CollectForAllocation
Event: 11.092 Executing VM operation: G1CollectForAllocation done
Event: 11.118 Executing VM operation: G1Concurrent
Event: 11.122 Executing VM operation: G1Concurrent done
Event: 11.135 Executing VM operation: G1Concurrent
Event: 11.135 Executing VM operation: G1Concurrent done
Event: 11.524 Executing VM operation: G1CollectForAllocation
Event: 11.528 Executing VM operation: G1CollectForAllocation done
Event: 12.293 Executing VM operation: G1CollectForAllocation
Event: 12.299 Executing VM operation: G1CollectForAllocation done
Event: 12.958 Executing VM operation: HandshakeAllThreads
Event: 12.958 Executing VM operation: HandshakeAllThreads done
Event: 12.997 Executing VM operation: G1CollectForAllocation
Event: 13.004 Executing VM operation: G1CollectForAllocation done
Event: 13.040 Executing VM operation: HandshakeAllThreads
Event: 13.040 Executing VM operation: HandshakeAllThreads done
Event: 13.220 Executing VM operation: HandshakeAllThreads
Event: 13.220 Executing VM operation: HandshakeAllThreads done

Events (20 events):
Event: 12.860 loading class java/time/DurationEditor
Event: 12.860 loading class java/time/DurationEditor done
Event: 12.865 loading class java/util/regex/Pattern$1
Event: 12.865 loading class java/util/regex/Pattern$1 done
Event: 12.956 loading class java/util/ArrayList$ListItr
Event: 12.956 loading class java/util/ArrayList$ListItr done
Event: 13.098 loading class java/util/EnumMap$EntrySet
Event: 13.099 loading class java/util/EnumMap$EntrySet done
Event: 13.099 loading class java/util/EnumMap$EntryIterator
Event: 13.099 loading class java/util/EnumMap$EnumMapIterator
Event: 13.099 loading class java/util/EnumMap$EnumMapIterator done
Event: 13.099 loading class java/util/EnumMap$EntryIterator done
Event: 13.101 loading class java/lang/SafeVarargs
Event: 13.101 loading class java/lang/SafeVarargs done
Event: 13.105 loading class java/lang/reflect/MalformedParametersException
Event: 13.105 loading class java/lang/reflect/MalformedParametersException done
Event: 13.125 loading class java/util/concurrent/ConcurrentHashMap$TreeNode
Event: 13.125 loading class java/util/concurrent/ConcurrentHashMap$TreeNode done
Event: 13.125 loading class java/util/concurrent/ConcurrentHashMap$TreeBin
Event: 13.126 loading class java/util/concurrent/ConcurrentHashMap$TreeBin done


Dynamic libraries:
0x00007ff6c9470000 - 0x00007ff6c947e000 	C:\Java Spring Boot Project\sts-4.17.2.RELEASE\plugins\org.eclipse.justj.openjdk.hotspot.jre.full.win32.x86_64_17.0.6.v20230125-1136\jre\bin\javaw.exe
0x00007ffd4a090000 - 0x00007ffd4a288000 	C:\WINDOWS\SYSTEM32\ntdll.dll
0x00007ffd49000000 - 0x00007ffd490bf000 	C:\WINDOWS\System32\KERNEL32.DLL
0x00007ffd47dc0000 - 0x00007ffd48092000 	C:\WINDOWS\System32\KERNELBASE.dll
0x00007ffd47bb0000 - 0x00007ffd47cb0000 	C:\WINDOWS\System32\ucrtbase.dll
0x00007ffd42f10000 - 0x00007ffd42f27000 	C:\Java Spring Boot Project\sts-4.17.2.RELEASE\plugins\org.eclipse.justj.openjdk.hotspot.jre.full.win32.x86_64_17.0.6.v20230125-1136\jre\bin\jli.dll
0x00007ffd2dcd0000 - 0x00007ffd2dce9000 	C:\Java Spring Boot Project\sts-4.17.2.RELEASE\plugins\org.eclipse.justj.openjdk.hotspot.jre.full.win32.x86_64_17.0.6.v20230125-1136\jre\bin\VCRUNTIME140.dll
0x00007ffd49180000 - 0x00007ffd49321000 	C:\WINDOWS\System32\USER32.dll
0x00007ffd480a0000 - 0x00007ffd480c2000 	C:\WINDOWS\System32\win32u.dll
0x00007ffd35630000 - 0x00007ffd358ca000 	C:\WINDOWS\WinSxS\amd64_microsoft.windows.common-controls_6595b64144ccf1df_6.0.19041.1110_none_60b5254171f9507e\COMCTL32.dll
0x00007ffd49f40000 - 0x00007ffd49f6b000 	C:\WINDOWS\System32\GDI32.dll
0x00007ffd48ce0000 - 0x00007ffd48d7e000 	C:\WINDOWS\System32\msvcrt.dll
0x00007ffd47cb0000 - 0x00007ffd47dbf000 	C:\WINDOWS\System32\gdi32full.dll
0x00007ffd478f0000 - 0x00007ffd4798d000 	C:\WINDOWS\System32\msvcp_win.dll
0x00007ffd49cd0000 - 0x00007ffd49d02000 	C:\WINDOWS\System32\IMM32.DLL
0x00007ffd42e50000 - 0x00007ffd42e5c000 	C:\Java Spring Boot Project\sts-4.17.2.RELEASE\plugins\org.eclipse.justj.openjdk.hotspot.jre.full.win32.x86_64_17.0.6.v20230125-1136\jre\bin\vcruntime140_1.dll
0x00007ffd2d6f0000 - 0x00007ffd2d781000 	C:\Java Spring Boot Project\sts-4.17.2.RELEASE\plugins\org.eclipse.justj.openjdk.hotspot.jre.full.win32.x86_64_17.0.6.v20230125-1136\jre\bin\msvcp140.dll
0x00007ffcf6f50000 - 0x00007ffcf7b97000 	C:\Java Spring Boot Project\sts-4.17.2.RELEASE\plugins\org.eclipse.justj.openjdk.hotspot.jre.full.win32.x86_64_17.0.6.v20230125-1136\jre\bin\server\jvm.dll
0x00007ffd49c20000 - 0x00007ffd49cce000 	C:\WINDOWS\System32\ADVAPI32.dll
0x00007ffd490c0000 - 0x00007ffd4915c000 	C:\WINDOWS\System32\sechost.dll
0x00007ffd493a0000 - 0x00007ffd494c5000 	C:\WINDOWS\System32\RPCRT4.dll
0x00007ffd3f9c0000 - 0x00007ffd3f9ca000 	C:\WINDOWS\SYSTEM32\VERSION.dll
0x00007ffd45260000 - 0x00007ffd45269000 	C:\WINDOWS\SYSTEM32\WSOCK32.dll
0x00007ffd3c790000 - 0x00007ffd3c7b7000 	C:\WINDOWS\SYSTEM32\WINMM.dll
0x00007ffd48f90000 - 0x00007ffd48ffb000 	C:\WINDOWS\System32\WS2_32.dll
0x00007ffd45fd0000 - 0x00007ffd45fe2000 	C:\WINDOWS\SYSTEM32\kernel.appcore.dll
0x00007ffd41ef0000 - 0x00007ffd41efa000 	C:\Java Spring Boot Project\sts-4.17.2.RELEASE\plugins\org.eclipse.justj.openjdk.hotspot.jre.full.win32.x86_64_17.0.6.v20230125-1136\jre\bin\jimage.dll
0x00007ffd45db0000 - 0x00007ffd45f94000 	C:\WINDOWS\SYSTEM32\DBGHELP.DLL
0x00007ffd36600000 - 0x00007ffd36635000 	C:\WINDOWS\SYSTEM32\dbgcore.DLL
0x00007ffd47b20000 - 0x00007ffd47ba2000 	C:\WINDOWS\System32\bcryptPrimitives.dll
0x00007ffd312b0000 - 0x00007ffd312d5000 	C:\Java Spring Boot Project\sts-4.17.2.RELEASE\plugins\org.eclipse.justj.openjdk.hotspot.jre.full.win32.x86_64_17.0.6.v20230125-1136\jre\bin\java.dll
0x00007ffd3c240000 - 0x00007ffd3c258000 	C:\Java Spring Boot Project\sts-4.17.2.RELEASE\plugins\org.eclipse.justj.openjdk.hotspot.jre.full.win32.x86_64_17.0.6.v20230125-1136\jre\bin\zip.dll
0x00007ffd494d0000 - 0x00007ffd49c15000 	C:\WINDOWS\System32\SHELL32.dll
0x00007ffd45610000 - 0x00007ffd45da2000 	C:\WINDOWS\SYSTEM32\windows.storage.dll
0x00007ffd480d0000 - 0x00007ffd48425000 	C:\WINDOWS\System32\combase.dll
0x00007ffd47100000 - 0x00007ffd47130000 	C:\WINDOWS\SYSTEM32\Wldp.dll
0x00007ffd48ba0000 - 0x00007ffd48c4d000 	C:\WINDOWS\System32\SHCORE.dll
0x00007ffd48d80000 - 0x00007ffd48dd5000 	C:\WINDOWS\System32\shlwapi.dll
0x00007ffd476c0000 - 0x00007ffd476df000 	C:\WINDOWS\SYSTEM32\profapi.dll
0x00007ffd33bb0000 - 0x00007ffd33bc9000 	C:\Java Spring Boot Project\sts-4.17.2.RELEASE\plugins\org.eclipse.justj.openjdk.hotspot.jre.full.win32.x86_64_17.0.6.v20230125-1136\jre\bin\net.dll
0x00007ffd3fdc0000 - 0x00007ffd3fecc000 	C:\WINDOWS\SYSTEM32\WINHTTP.dll
0x00007ffd46e60000 - 0x00007ffd46eca000 	C:\WINDOWS\system32\mswsock.dll
0x00007ffd315e0000 - 0x00007ffd315f5000 	C:\Java Spring Boot Project\sts-4.17.2.RELEASE\plugins\org.eclipse.justj.openjdk.hotspot.jre.full.win32.x86_64_17.0.6.v20230125-1136\jre\bin\nio.dll
0x00007ffd35a90000 - 0x00007ffd35a99000 	C:\Java Spring Boot Project\sts-4.17.2.RELEASE\plugins\org.eclipse.justj.openjdk.hotspot.jre.full.win32.x86_64_17.0.6.v20230125-1136\jre\bin\management.dll
0x00007ffd35920000 - 0x00007ffd3592b000 	C:\Java Spring Boot Project\sts-4.17.2.RELEASE\plugins\org.eclipse.justj.openjdk.hotspot.jre.full.win32.x86_64_17.0.6.v20230125-1136\jre\bin\management_ext.dll
0x00007ffd49160000 - 0x00007ffd49168000 	C:\WINDOWS\System32\PSAPI.DLL
0x00007ffd41ee0000 - 0x00007ffd41ef0000 	C:\Java Spring Boot Project\sts-4.17.2.RELEASE\plugins\org.eclipse.justj.openjdk.hotspot.jre.full.win32.x86_64_17.0.6.v20230125-1136\jre\bin\verify.dll
0x00007ffd47060000 - 0x00007ffd47078000 	C:\WINDOWS\SYSTEM32\CRYPTSP.dll
0x00007ffd46780000 - 0x00007ffd467b4000 	C:\WINDOWS\system32\rsaenh.dll
0x00007ffd47af0000 - 0x00007ffd47b17000 	C:\WINDOWS\System32\bcrypt.dll
0x00007ffd47680000 - 0x00007ffd476ae000 	C:\WINDOWS\SYSTEM32\USERENV.dll
0x00007ffd47050000 - 0x00007ffd4705c000 	C:\WINDOWS\SYSTEM32\CRYPTBASE.dll
0x00007ffd46b50000 - 0x00007ffd46b8b000 	C:\WINDOWS\SYSTEM32\IPHLPAPI.DLL
0x00007ffd49390000 - 0x00007ffd49398000 	C:\WINDOWS\System32\NSI.dll
0x00007ffd3d610000 - 0x00007ffd3d627000 	C:\WINDOWS\SYSTEM32\dhcpcsvc6.DLL
0x00007ffd3e1b0000 - 0x00007ffd3e1cd000 	C:\WINDOWS\SYSTEM32\dhcpcsvc.DLL
0x00007ffd46b90000 - 0x00007ffd46c5b000 	C:\WINDOWS\SYSTEM32\DNSAPI.dll
0x00007ffd3c110000 - 0x00007ffd3c11e000 	C:\Java Spring Boot Project\sts-4.17.2.RELEASE\plugins\org.eclipse.justj.openjdk.hotspot.jre.full.win32.x86_64_17.0.6.v20230125-1136\jre\bin\sunmscapi.dll
0x00007ffd47990000 - 0x00007ffd47ae6000 	C:\WINDOWS\System32\CRYPT32.dll
0x00007ffd47170000 - 0x00007ffd47197000 	C:\WINDOWS\SYSTEM32\ncrypt.dll
0x00007ffd47130000 - 0x00007ffd4716b000 	C:\WINDOWS\SYSTEM32\NTASN1.dll
0x00007ffd37f50000 - 0x00007ffd37f5a000 	C:\Windows\System32\rasadhlp.dll
0x00007ffd385c0000 - 0x00007ffd38640000 	C:\WINDOWS\System32\fwpuclnt.dll

dbghelp: loaded successfully - version: 4.0.5 - missing functions: none
symbol engine: initialized successfully - sym options: 0x614 - pdb path: .;C:\Java Spring Boot Project\sts-4.17.2.RELEASE\plugins\org.eclipse.justj.openjdk.hotspot.jre.full.win32.x86_64_17.0.6.v20230125-1136\jre\bin;C:\WINDOWS\SYSTEM32;C:\WINDOWS\WinSxS\amd64_microsoft.windows.common-controls_6595b64144ccf1df_6.0.19041.1110_none_60b5254171f9507e;C:\Java Spring Boot Project\sts-4.17.2.RELEASE\plugins\org.eclipse.justj.openjdk.hotspot.jre.full.win32.x86_64_17.0.6.v20230125-1136\jre\bin\server

VM Arguments:
jvm_args: -Dfile.encoding=UTF-8 -XX:+ShowCodeDetailsInExceptionMessages 
java_command: com.codewithvatsal.blog.BlogAppApisApplication
java_class_path (initial): C:\Users\vatsa\OneDrive\Desktop\Java Project Spring boot\blog-app-apis\target\classes;C:\Users\vatsa\.m2\repository\org\springframework\boot\spring-boot-starter-data-jpa\3.0.4\spring-boot-starter-data-jpa-3.0.4.jar;C:\Users\vatsa\.m2\repository\org\springframework\boot\spring-boot-starter-aop\3.0.4\spring-boot-starter-aop-3.0.4.jar;C:\Users\vatsa\.m2\repository\org\springframework\spring-aop\6.0.6\spring-aop-6.0.6.jar;C:\Users\vatsa\.m2\repository\org\aspectj\aspectjweaver\1.9.19\aspectjweaver-1.9.19.jar;C:\Users\vatsa\.m2\repository\org\springframework\boot\spring-boot-starter-jdbc\3.0.4\spring-boot-starter-jdbc-3.0.4.jar;C:\Users\vatsa\.m2\repository\com\zaxxer\HikariCP\5.0.1\HikariCP-5.0.1.jar;C:\Users\vatsa\.m2\repository\org\springframework\spring-jdbc\6.0.6\spring-jdbc-6.0.6.jar;C:\Users\vatsa\.m2\repository\org\hibernate\orm\hibernate-core\6.1.7.Final\hibernate-core-6.1.7.Final.jar;C:\Users\vatsa\.m2\repository\jakarta\persistence\jakarta.persistence-api\3.1.0\jakarta.persistence-api-3.1.0.jar;C:\Users\vatsa\.m2\repository\jakarta\transaction\jakarta.transaction-api\2.0.1\jakarta.transaction-api-2.0.1.jar;C:\Users\vatsa\.m2\repository\org\jboss\logging\jboss-logging\3.5.0.Final\jboss-logging-3.5.0.Final.jar;C:\Users\vatsa\.m2\repository\org\hibernate\common\hibernate-commons-annotations\6.0.6.Final\hibernate-commons-annotations-6.0.6.Final.jar;C:\Users\vatsa\.m2\repository\org\jboss\jandex\2.4.2.Final\jandex-2.4.2.Final.jar;C:\Users\vatsa\.m2\repository\com\fasterxml\classmate\1.5.1\classmate-1.5.1.jar;C:\Users\vatsa\.m2\repository\net\bytebuddy\byte-buddy\1.12.23\byte-buddy-1.12.23.jar;C:\Users\vatsa\.m2\repository\org\glassfish\jaxb\jaxb-runtime\4.0.2\jaxb-runtime-4.0.2.jar;C:\Users\vatsa\.m2\repository\org\glassfish\jaxb\jaxb-core\4.0.2\jaxb-core-4.0.2.jar;C:\Users\vatsa\.m2\repository\org\eclipse\angus\angus-activation\2.0.0\angus-activation-2.0.0.jar;C:\Users\vatsa\.m2\repository\org\glassfish\jaxb\txw2\4.0.2\txw2-4.0.2.jar;C
Launcher Type: SUN_STANDARD

[Global flags]
     intx CICompilerCount                          = 4                                         {product} {ergonomic}
     uint ConcGCThreads                            = 2                                         {product} {ergonomic}
     uint G1ConcRefinementThreads                  = 8                                         {product} {ergonomic}
   size_t G1HeapRegionSize                         = 1048576                                   {product} {ergonomic}
    uintx GCDrainStackTargetSize                   = 64                                        {product} {ergonomic}
   size_t InitialHeapSize                          = 62914560                                  {product} {ergonomic}
   size_t MarkStackSize                            = 4194304                                   {product} {ergonomic}
   size_t MaxHeapSize                              = 996147200                                 {product} {ergonomic}
   size_t MaxNewSize                               = 597688320                                 {product} {ergonomic}
   size_t MinHeapDeltaBytes                        = 1048576                                   {product} {ergonomic}
   size_t MinHeapSize                              = 8388608                                   {product} {ergonomic}
    uintx NonNMethodCodeHeapSize                   = 5839372                                {pd product} {ergonomic}
    uintx NonProfiledCodeHeapSize                  = 122909434                              {pd product} {ergonomic}
    uintx ProfiledCodeHeapSize                     = 122909434                              {pd product} {ergonomic}
    uintx ReservedCodeCacheSize                    = 251658240                              {pd product} {ergonomic}
     bool SegmentedCodeCache                       = true                                      {product} {ergonomic}
     bool ShowCodeDetailsInExceptionMessages       = true                                   {manageable} {command line}
   size_t SoftMaxHeapSize                          = 996147200                              {manageable} {ergonomic}
     bool UseCompressedClassPointers               = true                           {product lp64_product} {ergonomic}
     bool UseCompressedOops                        = true                           {product lp64_product} {ergonomic}
     bool UseG1GC                                  = true                                      {product} {ergonomic}
     bool UseLargePagesIndividualAllocation        = false                                  {pd product} {ergonomic}

Logging:
Log output configuration:
 #0: stdout all=warning uptime,level,tags
 #1: stderr all=off uptime,level,tags

Environment Variables:
JAVA_HOME=C:\Program Files\Java\jdk-18.0.2
CLASSPATH=C:\Users\vatsa\OneDrive\Desktop\Java\mysql-connector.jar;.;
PATH=C:/Java Spring Boot Project/sts-4.17.2.RELEASE//plugins/org.eclipse.justj.openjdk.hotspot.jre.full.win32.x86_64_17.0.6.v20230125-1136/jre/bin/server;C:/Java Spring Boot Project/sts-4.17.2.RELEASE//plugins/org.eclipse.justj.openjdk.hotspot.jre.full.win32.x86_64_17.0.6.v20230125-1136/jre/bin;C:\Program Files\Common Files\Oracle\Java\javapath;C:\Program Files\PostgreSQL\13\bin;C:\WINDOWS\system32;C:\WINDOWS;C:\WINDOWS\System32\Wbem;C:\WINDOWS\System32\WindowsPowerShell\v1.0\;C:\WINDOWS\System32\OpenSSH\;C:\Program Files\Java\jdk-18.0.2\bin;C:\Program Files\apache-maven-3.8.6-bin\apache-maven-3.8.6\bin;C:\Program Files\nodejs\;C:\Program Files\Git\cmd;C:\Program Files\MySQL\MySQL Server 8.0\bin;C:\Users\vatsa\AppData\Local\Programs\Python\Python37\Scripts\;C:\Users\vatsa\AppData\Local\Programs\Python\Python37\;C:\Users\vatsa\AppData\Local\Microsoft\WindowsApps;C:\Users\vatsa\AppData\Local\Programs\Microsoft VS Code\bin;C:\Program Files (x86)\mingw-w64\i686-8.1.0-posix-dwarf-rt_v6-rev0\mingw32\bin;C:\Program Files\heroku\bin;C:\Program Files\JetBrains\IntelliJ IDEA Community Edition 2022.2\bin;;C:\Users\vatsa\AppData\Roaming\npm;C:\Users\vatsa\OneDrive\Desktop\Java\mysql-connector.jar;;C:\Java Spring Boot Project\sts-4.17.2.RELEASE;
USERNAME=vatsa
OS=Windows_NT
PROCESSOR_IDENTIFIER=AMD64 Family 23 Model 17 Stepping 0, AuthenticAMD
TMP=C:\Users\vatsa\AppData\Local\Temp
TEMP=C:\Users\vatsa\AppData\Local\Temp



---------------  S Y S T E M  ---------------

OS:
 Windows 10 , 64 bit Build 19041 (10.0.19041.2546)
OS uptime: 0 days 3:23 hours

CPU: total 8 (initial active 8) (8 cores per cpu, 2 threads per core) family 23 model 17 stepping 0 microcode 0x0, cx8, cmov, fxsr, ht, mmx, 3dnowpref, sse, sse2, sse3, ssse3, sse4a, sse4.1, sse4.2, popcnt, lzcnt, tsc, tscinvbit, avx, avx2, aes, clmul, bmi1, bmi2, adx, sha, fma, vzeroupper, clflush, clflushopt

Memory: 4k page, system-wide physical 3795M (323M free)
TotalPageFile size 7930M (AvailPageFile size 5M)
current process WorkingSet (physical memory assigned to process): 201M, peak: 201M
current process commit charge ("private bytes"): 232M, peak: 233M

vm_info: OpenJDK 64-Bit Server VM (17.0.6+10) for windows-amd64 JRE (17.0.6+10), built on Jan 18 2023 10:08:59 by "temurin" with MS VC++ 16.7 (VS2019)

END.
